<?xml version="1.0" encoding="UTF-8"?>
<!-- Generated by org.testng.reporters.JUnitXMLReporter -->
<testsuite ignored="0" hostname="DESKTOP-MAHADEV" failures="5" tests="5" name="Surefire test" time="10.367" errors="0" timestamp="2023-07-28T14:39:22 IST">
  <testcase classname="com.spotify.oauth2.test.PlayListTest" name="getPlayList" time="9.369">
    <failure type="java.lang.RuntimeException" message="ABORT!!! Failed to get token">
      <![CDATA[java.lang.RuntimeException: ABORT!!! Failed to get token
at com.spotify.oauth2.api.TokenManager.getToken(TokenManager.java:29)
at com.spotify.oauth2.api.applicationApi.PlaylistApi.get(PlaylistApi.java:25)
at com.spotify.oauth2.test.PlayListTest.getPlayList(PlayListTest.java:67)
at java.base/java.util.concurrent.ThreadPoolExecutor.runWorker(ThreadPoolExecutor.java:1128)
at java.base/java.util.concurrent.ThreadPoolExecutor$Worker.run(ThreadPoolExecutor.java:628)
at java.base/java.lang.Thread.run(Thread.java:834)
... Removed 12 stack frames]]>
    </failure>
  </testcase> <!-- getPlayList -->
  <testcase classname="com.spotify.oauth2.test.PlayListTest" name="shouldNotcreatePlaylistWith_expiredToken" time="9.4">
    <failure type="java.lang.AssertionError" message="
Expected: &amp;lt;401&amp;gt;
     but: was &amp;lt;403&amp;gt;">
      <![CDATA[java.lang.AssertionError: 
Expected: <401>
     but: was <403>
at org.hamcrest.MatcherAssert.assertThat(MatcherAssert.java:18)
at org.junit.Assert.assertThat(Assert.java:956)
at org.junit.Assert.assertThat(Assert.java:923)
at com.spotify.oauth2.test.PlayListTest.shouldNotcreatePlaylistWith_expiredToken(PlayListTest.java:120)
at java.base/java.util.concurrent.ThreadPoolExecutor.runWorker(ThreadPoolExecutor.java:1128)
at java.base/java.util.concurrent.ThreadPoolExecutor$Worker.run(ThreadPoolExecutor.java:628)
at java.base/java.lang.Thread.run(Thread.java:834)
... Removed 12 stack frames]]>
    </failure>
  </testcase> <!-- shouldNotcreatePlaylistWith_expiredToken -->
  <testcase classname="com.spotify.oauth2.test.PlayListTest" name="updatePlayList" time="9.594">
    <failure type="java.lang.RuntimeException" message="ABORT!!! Failed to get token">
      <![CDATA[java.lang.RuntimeException: ABORT!!! Failed to get token
at com.spotify.oauth2.api.TokenManager.getToken(TokenManager.java:29)
at com.spotify.oauth2.api.applicationApi.PlaylistApi.update(PlaylistApi.java:29)
at com.spotify.oauth2.test.PlayListTest.updatePlayList(PlayListTest.java:84)
at java.base/java.util.concurrent.ThreadPoolExecutor.runWorker(ThreadPoolExecutor.java:1128)
at java.base/java.util.concurrent.ThreadPoolExecutor$Worker.run(ThreadPoolExecutor.java:628)
at java.base/java.lang.Thread.run(Thread.java:834)
... Removed 12 stack frames]]>
    </failure>
  </testcase> <!-- updatePlayList -->
  <testcase classname="com.spotify.oauth2.test.PlayListTest" name="shouldNotcreatePlaylist" time="9.723">
    <failure type="java.lang.RuntimeException" message="ABORT!!! Failed to get token">
      <![CDATA[java.lang.RuntimeException: ABORT!!! Failed to get token
at com.spotify.oauth2.api.TokenManager.getToken(TokenManager.java:29)
at com.spotify.oauth2.api.applicationApi.PlaylistApi.post(PlaylistApi.java:16)
at com.spotify.oauth2.test.PlayListTest.shouldNotcreatePlaylist(PlayListTest.java:100)
at java.base/java.util.concurrent.ThreadPoolExecutor.runWorker(ThreadPoolExecutor.java:1128)
at java.base/java.util.concurrent.ThreadPoolExecutor$Worker.run(ThreadPoolExecutor.java:628)
at java.base/java.lang.Thread.run(Thread.java:834)
... Removed 12 stack frames]]>
    </failure>
  </testcase> <!-- shouldNotcreatePlaylist -->
  <testcase classname="com.spotify.oauth2.test.PlayListTest" name="createPlaylist" time="9.86">
    <failure type="java.lang.RuntimeException" message="ABORT!!! Failed to get token">
      <![CDATA[java.lang.RuntimeException: ABORT!!! Failed to get token
at com.spotify.oauth2.api.TokenManager.getToken(TokenManager.java:29)
at com.spotify.oauth2.api.applicationApi.PlaylistApi.post(PlaylistApi.java:16)
at com.spotify.oauth2.test.PlayListTest.createPlaylist(PlayListTest.java:52)
at java.base/java.util.concurrent.ThreadPoolExecutor.runWorker(ThreadPoolExecutor.java:1128)
at java.base/java.util.concurrent.ThreadPoolExecutor$Worker.run(ThreadPoolExecutor.java:628)
at java.base/java.lang.Thread.run(Thread.java:834)
... Removed 12 stack frames]]>
    </failure>
  </testcase> <!-- createPlaylist -->
</testsuite> <!-- Surefire test -->
