<?xml version="1.0" encoding="UTF-8"?>
<!-- Generated by org.testng.reporters.JUnitXMLReporter -->
<testsuite ignored="0" hostname="DESKTOP-MAHADEV" failures="0" tests="5" name="Default test" time="17.937" errors="0" timestamp="2023-07-28T14:55:44 IST">
  <testcase classname="com.spotify.oauth2.test.PlayListTest" name="createPlaylist" time="13.945"/>
  <testcase classname="com.spotify.oauth2.test.PlayListTest" name="getPlayList" time="0.91"/>
  <testcase classname="com.spotify.oauth2.test.PlayListTest" name="shouldNotcreatePlaylist" time="0.499"/>
  <testcase classname="com.spotify.oauth2.test.PlayListTest" name="shouldNotcreatePlaylistWith_expiredToken" time="1.54"/>
  <testcase classname="com.spotify.oauth2.test.PlayListTest" name="updatePlayList" time="0.607"/>
</testsuite> <!-- Default test -->
