<?xml version="1.0" encoding="UTF-8"?>
<testsuite xmlns:xsi="http://www.w3.org/2001/XMLSchema-instance" xsi:noNamespaceSchemaLocation="https://maven.apache.org/surefire/maven-surefire-plugin/xsd/surefire-test-report-3.0.xsd" version="3.0" name="com.spotify.oauth2.test.PlayListTest" time="15.866" tests="5" errors="0" skipped="0" failures="0">
  <properties>
[...]
</properties>
  <testcase name="shouldNotcreatePlaylistWith_expiredToken" classname="com.spotify.oauth2.test.PlayListTest" time="9.936">
    <system-out><![CDATA[Renewing token ...
Request method:	POST
Request URI:	https://accounts.spotify.com/api/token
Proxy:			<none>
Request params:	<none>
Query params:	<none>
Form params:	refresh_token=AQBKq2msrjg0DVwC3U1irmh0IHgQlJC5PwVSJ6_Otm2c5PUgunBK3DOgKMw0VniuGZ7GEajXOyZZRMLOB-Cp0fJsspcdeci9wPaZ-unG1j7yD5VkAgXEAXtAB-Bgk_2G554
				grant_type=refresh_token
				client_secret=ade4ba60915242f9b03200d87661afef
				client_id=49af83d8eaf04c2b99c12b3ff75a0c66
Path params:	<none>
Headers:		Accept=*/*
				Content-Type=application/x-www-form-urlencoded; charset=ISO-8859-1
Cookies:		<none>
Multiparts:		<none>
Body:			<none>
Request method:	POST
Request URI:	https://api.spotify.com/v1/users/31ddhwcwhnjhdmut22ty6n6f4l2y/playlists
Proxy:			<none>
Request params:	<none>
Query params:	<none>
Form params:	<none>
Path params:	<none>
Headers:		Accept=*/*
				Content-Type=application/json; charset=UTF-8
Cookies:		<none>
Multiparts:		<none>
Body:
{
    "description": "kdflf",
    "name": "aamu",
    "public": false
}
HTTP/1.1 200 OK
date: Wed, 26 Jul 2023 07:24:57 GMT
content-type: application/json
vary: Accept-Encoding
set-cookie: __Host-device_id=AQB5edz4Y4rMe9Ipo78VOte3tthP36SZXm3ORx_HmwhF8b9mHLxE_7pBBI9fJ9LXbFXwo4j0sEzjHyT5-YUvZ5U5PN70xYsp4tA;Version=1;Path=/;Max-Age=2147483647;Secure;HttpOnly;SameSite=Lax
set-cookie: sp_tr=false;Version=1;Domain=accounts.spotify.com;Path=/;Secure;SameSite=Lax
sp-trace-id: c7b21b146e28532b
content-encoding: gzip
x-envoy-upstream-service-time: 56
server: envoy
strict-transport-security: max-age=31536000
x-content-type-options: nosniff
Via: HTTP/2 edgeproxy, 1.1 google
Alt-Svc: h3=":443"; ma=2592000,h3-29=":443"; ma=2592000
Transfer-Encoding: chunked

{
    "access_token": "BQD6xk5PHiy8iv8N7Owg03bKYUigm7uwKHuDPMGkM5fTIqNxh-ZZYJQxVy3mydaUJ8Sz0pExkb43Qxfnff2egjjAbew3YxRufwAo4I5rwQFQz1e6zE_lkEPSoc4L71ucLWY2Pm0-hJ0Iww0ktsll9KQ54Fe09jZjaBIjAFdqgbVRIlTVnNPoIUmy43jPHEvwzllofl5B5jDzeOj2ulEo_pgB4mHbKbqfFW_-Y7IWQ2PmmVrIRx2AN1ZMCv2Cs0VmgIi_vMjkYv0nimbT",
    "token_type": "Bearer",
    "expires_in": 3600,
    "scope": "playlist-read-private playlist-read-collaborative playlist-modify-private playlist-modify-public"
}
HTTP/1.1 401 Unauthorized
www-authenticate: Bearer realm="spotify", error="invalid_token", error_description="Invalid access token"
access-control-allow-origin: *
access-control-allow-headers: Accept, App-Platform, Authorization, Content-Type, Origin, Retry-After, Spotify-App-Version, X-Cloud-Trace-Context, client-token, content-access-token
access-control-allow-methods: GET, POST, OPTIONS, PUT, DELETE, PATCH
access-control-allow-credentials: true
access-control-max-age: 604800
content-type: application/json
content-encoding: gzip
strict-transport-security: max-age=31536000
x-content-type-options: nosniff
date: Wed, 26 Jul 2023 07:24:56 GMT
server: envoy
Via: HTTP/2 edgeproxy, 1.1 google
Alt-Svc: h3=":443"; ma=2592000,h3-29=":443"; ma=2592000
Transfer-Encoding: chunked

{
    "error": {
        "status": 401,
        "message": "Invalid access token"
    }
}
]]></system-out>
    <system-err><![CDATA[SLF4J: Failed to load class "org.slf4j.impl.StaticLoggerBinder".
SLF4J: Defaulting to no-operation (NOP) logger implementation
SLF4J: See http://www.slf4j.org/codes.html#StaticLoggerBinder for further details.
]]></system-err>
  </testcase>
  <testcase name="shouldNotcreatePlaylist" classname="com.spotify.oauth2.test.PlayListTest" time="11.784">
    <system-out><![CDATA[Token is good to use
Token is good to use
Token is good to use
Request method:	PUT
Request URI:	https://api.spotify.com/v1/playlists/2GhhhHbwjpD0EiRb6VKk62
Proxy:			<none>
Request params:	<none>
Query params:	<none>
Form params:	<none>
Path params:	<none>
Headers:		Accept=*/*
				Content-Type=application/json; charset=UTF-8
Cookies:		<none>
Multiparts:		<none>
Body:
{
    "description": "kdflf",
    "name": "aamu",
    "public": false
}
Request method:	GET
Request URI:	https://api.spotify.com/v1/playlists/2GhhhHbwjpD0EiRb6VKk62
Proxy:			<none>
Request params:	<none>
Query params:	<none>
Form params:	<none>
Path params:	<none>
Headers:		Accept=*/*
				Content-Type=application/json; charset=UTF-8
Cookies:		<none>
Multiparts:		<none>
Body:			<none>
Request method:	POST
Request URI:	https://api.spotify.com/v1/users/31ddhwcwhnjhdmut22ty6n6f4l2y/playlists
Proxy:			<none>
Request params:	<none>
Query params:	<none>
Form params:	<none>
Path params:	<none>
Headers:		Accept=*/*
				Content-Type=application/json; charset=UTF-8
Cookies:		<none>
Multiparts:		<none>
Body:
{
    "description": "kdflf",
    "name": "aamu",
    "public": false
}
Request method:	POST
Request URI:	https://api.spotify.com/v1/users/31ddhwcwhnjhdmut22ty6n6f4l2y/playlists
Proxy:			<none>
Request params:	<none>
Query params:	<none>
Form params:	<none>
Path params:	<none>
Headers:		Accept=*/*
				Content-Type=application/json; charset=UTF-8
Cookies:		<none>
Multiparts:		<none>
Body:
{
    "description": "kdflf",
    "name": "",
    "public": false
}
HTTP/1.1 400 Bad Request
content-type: application/json; charset=utf-8
cache-control: private, max-age=0
x-robots-tag: noindex, nofollow
access-control-allow-origin: *
access-control-allow-headers: Accept, App-Platform, Authorization, Content-Type, Origin, Retry-After, Spotify-App-Version, X-Cloud-Trace-Context, client-token, content-access-token
access-control-allow-methods: GET, POST, OPTIONS, PUT, DELETE, PATCH
access-control-allow-credentials: true
access-control-max-age: 604800
content-encoding: gzip
strict-transport-security: max-age=31536000
x-content-type-options: nosniff
date: Wed, 26 Jul 2023 07:24:59 GMT
server: envoy
Via: HTTP/2 edgeproxy, 1.1 google
Alt-Svc: h3=":443"; ma=2592000,h3-29=":443"; ma=2592000
Transfer-Encoding: chunked

{
    "error": {
        "status": 400,
        "message": "Missing required field: name"
    }
}
]]></system-out>
  </testcase>
  <testcase name="updatePlayList" classname="com.spotify.oauth2.test.PlayListTest" time="11.895">
    <system-out><![CDATA[HTTP/1.1 200 OK
cache-control: private, max-age=0
x-robots-tag: noindex, nofollow
access-control-allow-origin: *
access-control-allow-headers: Accept, App-Platform, Authorization, Content-Type, Origin, Retry-After, Spotify-App-Version, X-Cloud-Trace-Context, client-token, content-access-token
access-control-allow-methods: GET, POST, OPTIONS, PUT, DELETE, PATCH
access-control-allow-credentials: true
access-control-max-age: 604800
Content-Length: 0
strict-transport-security: max-age=31536000
x-content-type-options: nosniff
date: Wed, 26 Jul 2023 07:24:59 GMT
server: envoy
Via: HTTP/2 edgeproxy, 1.1 google
Alt-Svc: h3=":443"; ma=2592000,h3-29=":443"; ma=2592000
]]></system-out>
  </testcase>
  <testcase name="createPlaylist" classname="com.spotify.oauth2.test.PlayListTest" time="12.127">
    <system-out><![CDATA[HTTP/1.1 200 OK
content-type: application/json; charset=utf-8
cache-control: public, max-age=0
etag: "MC-IjU4NGY3OWMzY2U4YmY3Yzg3ODczM2JhNjcyZmUwY2RmIg=="
x-robots-tag: noindex, nofollow
access-control-allow-origin: *
access-control-allow-headers: Accept, App-Platform, Authorization, Content-Type, Origin, Retry-After, Spotify-App-Version, X-Cloud-Trace-Context, client-token, content-access-token
access-control-allow-methods: GET, POST, OPTIONS, PUT, DELETE, PATCH
access-control-allow-credentials: true
access-control-max-age: 604800
content-encoding: gzip
strict-transport-security: max-age=31536000
x-content-type-options: nosniff
date: Wed, 26 Jul 2023 07:24:59 GMT
server: envoy
Via: HTTP/2 edgeproxy, 1.1 google
Alt-Svc: h3=":443"; ma=2592000,h3-29=":443"; ma=2592000
Transfer-Encoding: chunked

{
    "collaborative": false,
    "description": "kdflf",
    "external_urls": {
        "spotify": "https://open.spotify.com/playlist/2GhhhHbwjpD0EiRb6VKk62"
    },
    "followers": {
        "href": null,
        "total": 0
    },
    "href": "https://api.spotify.com/v1/playlists/2GhhhHbwjpD0EiRb6VKk62",
    "id": "2GhhhHbwjpD0EiRb6VKk62",
    "images": [
        
    ],
    "name": "aamu",
    "owner": {
        "display_name": "tanvi lonikar",
        "external_urls": {
            "spotify": "https://open.spotify.com/user/31ddhwcwhnjhdmut22ty6n6f4l2y"
        },
        "href": "https://api.spotify.com/v1/users/31ddhwcwhnjhdmut22ty6n6f4l2y",
        "id": "31ddhwcwhnjhdmut22ty6n6f4l2y",
        "type": "user",
        "uri": "spotify:user:31ddhwcwhnjhdmut22ty6n6f4l2y"
    },
    "primary_color": null,
    "public": false,
    "snapshot_id": "MTYsMjYyOTQ1MmViYzZlMDljMWZkZWUzNWVmMTg2ZmVmMzE1Zjc2ZDFhZA==",
    "tracks": {
        "href": "https://api.spotify.com/v1/playlists/2GhhhHbwjpD0EiRb6VKk62/tracks?offset=0&limit=100",
        "items": [
            
        ],
        "limit": 100,
        "next": null,
        "offset": 0,
        "previous": null,
        "total": 0
    },
    "type": "playlist",
    "uri": "spotify:playlist:2GhhhHbwjpD0EiRb6VKk62"
}
HTTP/1.1 201 Created
content-type: application/json; charset=utf-8
cache-control: private, max-age=0
location: https://api.spotify.com/v1/playlists/2LviDB4QaqMlntWQT2lQd0
x-robots-tag: noindex, nofollow
access-control-allow-origin: *
access-control-allow-headers: Accept, App-Platform, Authorization, Content-Type, Origin, Retry-After, Spotify-App-Version, X-Cloud-Trace-Context, client-token, content-access-token
access-control-allow-methods: GET, POST, OPTIONS, PUT, DELETE, PATCH
access-control-allow-credentials: true
access-control-max-age: 604800
content-encoding: gzip
strict-transport-security: max-age=31536000
x-content-type-options: nosniff
date: Wed, 26 Jul 2023 07:24:59 GMT
server: envoy
Via: HTTP/2 edgeproxy, 1.1 google
Alt-Svc: h3=":443"; ma=2592000,h3-29=":443"; ma=2592000
Transfer-Encoding: chunked

{
    "collaborative": false,
    "description": "kdflf",
    "external_urls": {
        "spotify": "https://open.spotify.com/playlist/2LviDB4QaqMlntWQT2lQd0"
    },
    "followers": {
        "href": null,
        "total": 0
    },
    "href": "https://api.spotify.com/v1/playlists/2LviDB4QaqMlntWQT2lQd0",
    "id": "2LviDB4QaqMlntWQT2lQd0",
    "images": [
        
    ],
    "name": "aamu",
    "owner": {
        "display_name": "tanvi lonikar",
        "external_urls": {
            "spotify": "https://open.spotify.com/user/31ddhwcwhnjhdmut22ty6n6f4l2y"
        },
        "href": "https://api.spotify.com/v1/users/31ddhwcwhnjhdmut22ty6n6f4l2y",
        "id": "31ddhwcwhnjhdmut22ty6n6f4l2y",
        "type": "user",
        "uri": "spotify:user:31ddhwcwhnjhdmut22ty6n6f4l2y"
    },
    "primary_color": null,
    "public": false,
    "snapshot_id": "MSwyM2UwMGNjMGI5NWZjNDkyODA4NjY2ZWY1ODM1MjFlMzYxODU1OGI4",
    "tracks": {
        "href": "https://api.spotify.com/v1/playlists/2LviDB4QaqMlntWQT2lQd0/tracks",
        "items": [
            
        ],
        "limit": 100,
        "next": null,
        "offset": 0,
        "previous": null,
        "total": 0
    },
    "type": "playlist",
    "uri": "spotify:playlist:2LviDB4QaqMlntWQT2lQd0"
}
]]></system-out>
  </testcase>
  <testcase name="getPlayList" classname="com.spotify.oauth2.test.PlayListTest" time="12.13"/>
</testsuite>