<?xml version="1.0" encoding="UTF-8"?>
<testsuite xmlns:xsi="http://www.w3.org/2001/XMLSchema-instance" xsi:noNamespaceSchemaLocation="https://maven.apache.org/surefire/maven-surefire-plugin/xsd/surefire-test-report-3.0.xsd" version="3.0" name="TestSuite" time="13.267" tests="5" errors="0" skipped="0" failures="5">
  <properties>
[...]
</properties>
  <testcase name="getPlayList" classname="com.spotify.oauth2.test.PlayListTest" time="9.919">
    <failure message="ABORT!!! Failed to get token" type="java.lang.RuntimeException"><![CDATA[java.lang.RuntimeException: ABORT!!! Failed to get token
	at com.spotify.oauth2.api.TokenManager.getToken(TokenManager.java:29)
	at com.spotify.oauth2.api.applicationApi.PlaylistApi.get(PlaylistApi.java:25)
	at com.spotify.oauth2.test.PlayListTest.getPlayList(PlayListTest.java:67)
	at java.base/jdk.internal.reflect.NativeMethodAccessorImpl.invoke0(Native Method)
	at java.base/jdk.internal.reflect.NativeMethodAccessorImpl.invoke(NativeMethodAccessorImpl.java:62)
	at java.base/jdk.internal.reflect.DelegatingMethodAccessorImpl.invoke(DelegatingMethodAccessorImpl.java:43)
	at java.base/java.lang.reflect.Method.invoke(Method.java:566)
	at org.testng.internal.MethodInvocationHelper.invokeMethod(MethodInvocationHelper.java:132)
	at org.testng.internal.TestInvoker.invokeMethod(TestInvoker.java:599)
	at org.testng.internal.TestInvoker.invokeTestMethod(TestInvoker.java:174)
	at org.testng.internal.MethodRunner.runInSequence(MethodRunner.java:46)
	at org.testng.internal.TestInvoker$MethodInvocationAgent.invoke(TestInvoker.java:822)
	at org.testng.internal.TestInvoker.invokeTestMethods(TestInvoker.java:147)
	at org.testng.internal.TestMethodWorker.invokeTestMethods(TestMethodWorker.java:146)
	at org.testng.internal.TestMethodWorker.run(TestMethodWorker.java:128)
	at java.base/java.util.concurrent.ThreadPoolExecutor.runWorker(ThreadPoolExecutor.java:1128)
	at java.base/java.util.concurrent.ThreadPoolExecutor$Worker.run(ThreadPoolExecutor.java:628)
	at java.base/java.lang.Thread.run(Thread.java:834)
]]></failure>
    <system-out><![CDATA[STARTING Test::::::::getPlayList
TREAD ID::::::::::17
STARTING Test::::::::createPlaylist
TREAD ID::::::::::16
STARTING Test::::::::shouldNotcreatePlaylist
TREAD ID::::::::::18
STARTING Test::::::::shouldNotcreatePlaylistWith_expiredToken
TREAD ID::::::::::19
STARTING Test::::::::updatePlayList
TREAD ID::::::::::20
Renewing token ...
Request method:	POST
Request URI:	http://localhost:8080/https%3A%2F%2Faccounts.spotify.com/api/token
Proxy:			<none>
Request params:	<none>
Query params:	<none>
Form params:	refresh_token=AQBKq2msrjg0DVwC3U1irmh0IHgQlJC5PwVSJ6_Otm2c5PUgunBK3DOgKMw0VniuGZ7GEajXOyZZRMLOB-Cp0fJsspcdeci9wPaZ-unG1j7yD5VkAgXEAXtAB-Bgk_2G554
				grant_type=refresh_token
				client_secret=ade4ba60915242f9b03200d87661afef
				client_id=49af83d8eaf04c2b99c12b3ff75a0c66
Path params:	<none>
Headers:		Accept=*/*
				Content-Type=application/x-www-form-urlencoded; charset=ISO-8859-1
Cookies:		<none>
Multiparts:		<none>
Body:			<none>
Request method:	POST
Request URI:	http://localhost:8080/v1/users/31ddhwcwhnjhdmut22ty6n6f4l2y/playlists
Proxy:			<none>
Request params:	<none>
Query params:	<none>
Form params:	<none>
Path params:	<none>
Headers:		Accept=*/*
				Content-Type=application/json; charset=UTF-8
Cookies:		<none>
Multiparts:		<none>
Body:
{
    "description": "Description 58+0#&j3f&_Q&&_3a_.&+##oJd&# _7_&TF_5__++5& &+&_5+",
    "name": "Playlist , yU-_7U s",
    "public": false
}
HTTP/1.1 403 Forbidden
X-Content-Type-Options: nosniff
Cache-Control: must-revalidate,no-cache,no-store
Content-Type: text/html;charset=iso-8859-1
Content-Length: 587
Server: Jetty(10.0.13)

<html>
  <head>
    <meta http-equiv="Content-Type" content="text/html;charset=ISO-8859-1"/>
    <title>Error 403 No valid crumb was included in the request</title>
  </head>
  <body>
    <h2>HTTP ERROR 403 No valid crumb was included in the request</h2>
    <table>
      <tr>
        <th colspan="1" rowspan="1">URI:</th>
        <td colspan="1" rowspan="1">/v1/users/31ddhwcwhnjhdmut22ty6n6f4l2y/playlists</td>
      </tr>
      <tr>
        <th colspan="1" rowspan="1">STATUS:</th>
        <td colspan="1" rowspan="1">403</td>
      </tr>
      <tr>
        <th colspan="1" rowspan="1">MESSAGE:</th>
        <td colspan="1" rowspan="1">No valid crumb was included in the request</td>
      </tr>
      <tr>
        <th colspan="1" rowspan="1">SERVLET:</th>
        <td colspan="1" rowspan="1">Stapler</td>
      </tr>
    </table>
    <hr/>
    <a shape="rect" href="https://eclipse.org/jetty">Powered by Jetty:// 10.0.13</a>
    <hr/>
  </body>
</html>
HTTP/1.1 403 Forbidden
X-Content-Type-Options: nosniff
Cache-Control: must-revalidate,no-cache,no-store
Content-Type: text/html;charset=iso-8859-1
Content-Length: 584
Server: Jetty(10.0.13)

<html>
  <head>
    <meta http-equiv="Content-Type" content="text/html;charset=ISO-8859-1"/>
    <title>Error 403 No valid crumb was included in the request</title>
  </head>
  <body>
    <h2>HTTP ERROR 403 No valid crumb was included in the request</h2>
    <table>
      <tr>
        <th colspan="1" rowspan="1">URI:</th>
        <td colspan="1" rowspan="1">/https%3A%2F%2Faccounts.spotify.com/api/token</td>
      </tr>
      <tr>
        <th colspan="1" rowspan="1">STATUS:</th>
        <td colspan="1" rowspan="1">403</td>
      </tr>
      <tr>
        <th colspan="1" rowspan="1">MESSAGE:</th>
        <td colspan="1" rowspan="1">No valid crumb was included in the request</td>
      </tr>
      <tr>
        <th colspan="1" rowspan="1">SERVLET:</th>
        <td colspan="1" rowspan="1">Stapler</td>
      </tr>
    </table>
    <hr/>
    <a shape="rect" href="https://eclipse.org/jetty">Powered by Jetty:// 10.0.13</a>
    <hr/>
  </body>
</html>
Renewing token ...
Request method:	POST
Request URI:	http://localhost:8080/https%3A%2F%2Faccounts.spotify.com/api/token
Proxy:			<none>
Request params:	<none>
Query params:	<none>
Form params:	refresh_token=AQBKq2msrjg0DVwC3U1irmh0IHgQlJC5PwVSJ6_Otm2c5PUgunBK3DOgKMw0VniuGZ7GEajXOyZZRMLOB-Cp0fJsspcdeci9wPaZ-unG1j7yD5VkAgXEAXtAB-Bgk_2G554
				grant_type=refresh_token
				client_secret=ade4ba60915242f9b03200d87661afef
				client_id=49af83d8eaf04c2b99c12b3ff75a0c66
Path params:	<none>
Headers:		Accept=*/*
				Content-Type=application/x-www-form-urlencoded; charset=ISO-8859-1
Cookies:		<none>
Multiparts:		<none>
Body:			<none>
]]></system-out>
    <system-err><![CDATA[SLF4J: Failed to load class "org.slf4j.impl.StaticLoggerBinder".
SLF4J: Defaulting to no-operation (NOP) logger implementation
SLF4J: See http://www.slf4j.org/codes.html#StaticLoggerBinder for further details.
java.lang.RuntimeException: ABORT!!! Renew Token failed
	at com.spotify.oauth2.api.TokenManager.renewToken(TokenManager.java:44)
	at com.spotify.oauth2.api.TokenManager.getToken(TokenManager.java:19)
	at com.spotify.oauth2.api.applicationApi.PlaylistApi.get(PlaylistApi.java:25)
	at com.spotify.oauth2.test.PlayListTest.getPlayList(PlayListTest.java:67)
	at java.base/jdk.internal.reflect.NativeMethodAccessorImpl.invoke0(Native Method)
	at java.base/jdk.internal.reflect.NativeMethodAccessorImpl.invoke(NativeMethodAccessorImpl.java:62)
	at java.base/jdk.internal.reflect.DelegatingMethodAccessorImpl.invoke(DelegatingMethodAccessorImpl.java:43)
	at java.base/java.lang.reflect.Method.invoke(Method.java:566)
	at org.testng.internal.MethodInvocationHelper.invokeMethod(MethodInvocationHelper.java:132)
	at org.testng.internal.TestInvoker.invokeMethod(TestInvoker.java:599)
	at org.testng.internal.TestInvoker.invokeTestMethod(TestInvoker.java:174)
	at org.testng.internal.MethodRunner.runInSequence(MethodRunner.java:46)
	at org.testng.internal.TestInvoker$MethodInvocationAgent.invoke(TestInvoker.java:822)
	at org.testng.internal.TestInvoker.invokeTestMethods(TestInvoker.java:147)
	at org.testng.internal.TestMethodWorker.invokeTestMethods(TestMethodWorker.java:146)
	at org.testng.internal.TestMethodWorker.run(TestMethodWorker.java:128)
	at java.base/java.util.concurrent.ThreadPoolExecutor.runWorker(ThreadPoolExecutor.java:1128)
	at java.base/java.util.concurrent.ThreadPoolExecutor$Worker.run(ThreadPoolExecutor.java:628)
	at java.base/java.lang.Thread.run(Thread.java:834)
]]></system-err>
  </testcase>
  <testcase name="shouldNotcreatePlaylistWith_expiredToken" classname="com.spotify.oauth2.test.PlayListTest" time="9.925">
    <failure message="&#10;Expected: &lt;401&gt;&#10;     but: was &lt;403&gt;" type="java.lang.AssertionError"><![CDATA[java.lang.AssertionError: 

Expected: <401>
     but: was <403>
	at org.hamcrest.MatcherAssert.assertThat(MatcherAssert.java:18)
	at org.junit.Assert.assertThat(Assert.java:956)
	at org.junit.Assert.assertThat(Assert.java:923)
	at com.spotify.oauth2.test.PlayListTest.shouldNotcreatePlaylistWith_expiredToken(PlayListTest.java:120)
	at java.base/jdk.internal.reflect.NativeMethodAccessorImpl.invoke0(Native Method)
	at java.base/jdk.internal.reflect.NativeMethodAccessorImpl.invoke(NativeMethodAccessorImpl.java:62)
	at java.base/jdk.internal.reflect.DelegatingMethodAccessorImpl.invoke(DelegatingMethodAccessorImpl.java:43)
	at java.base/java.lang.reflect.Method.invoke(Method.java:566)
	at org.testng.internal.MethodInvocationHelper.invokeMethod(MethodInvocationHelper.java:132)
	at org.testng.internal.TestInvoker.invokeMethod(TestInvoker.java:599)
	at org.testng.internal.TestInvoker.invokeTestMethod(TestInvoker.java:174)
	at org.testng.internal.MethodRunner.runInSequence(MethodRunner.java:46)
	at org.testng.internal.TestInvoker$MethodInvocationAgent.invoke(TestInvoker.java:822)
	at org.testng.internal.TestInvoker.invokeTestMethods(TestInvoker.java:147)
	at org.testng.internal.TestMethodWorker.invokeTestMethods(TestMethodWorker.java:146)
	at org.testng.internal.TestMethodWorker.run(TestMethodWorker.java:128)
	at java.base/java.util.concurrent.ThreadPoolExecutor.runWorker(ThreadPoolExecutor.java:1128)
	at java.base/java.util.concurrent.ThreadPoolExecutor$Worker.run(ThreadPoolExecutor.java:628)
	at java.base/java.lang.Thread.run(Thread.java:834)
]]></failure>
  </testcase>
  <testcase name="updatePlayList" classname="com.spotify.oauth2.test.PlayListTest" time="10.036">
    <failure message="ABORT!!! Failed to get token" type="java.lang.RuntimeException"><![CDATA[java.lang.RuntimeException: ABORT!!! Failed to get token
	at com.spotify.oauth2.api.TokenManager.getToken(TokenManager.java:29)
	at com.spotify.oauth2.api.applicationApi.PlaylistApi.update(PlaylistApi.java:29)
	at com.spotify.oauth2.test.PlayListTest.updatePlayList(PlayListTest.java:84)
	at java.base/jdk.internal.reflect.NativeMethodAccessorImpl.invoke0(Native Method)
	at java.base/jdk.internal.reflect.NativeMethodAccessorImpl.invoke(NativeMethodAccessorImpl.java:62)
	at java.base/jdk.internal.reflect.DelegatingMethodAccessorImpl.invoke(DelegatingMethodAccessorImpl.java:43)
	at java.base/java.lang.reflect.Method.invoke(Method.java:566)
	at org.testng.internal.MethodInvocationHelper.invokeMethod(MethodInvocationHelper.java:132)
	at org.testng.internal.TestInvoker.invokeMethod(TestInvoker.java:599)
	at org.testng.internal.TestInvoker.invokeTestMethod(TestInvoker.java:174)
	at org.testng.internal.MethodRunner.runInSequence(MethodRunner.java:46)
	at org.testng.internal.TestInvoker$MethodInvocationAgent.invoke(TestInvoker.java:822)
	at org.testng.internal.TestInvoker.invokeTestMethods(TestInvoker.java:147)
	at org.testng.internal.TestMethodWorker.invokeTestMethods(TestMethodWorker.java:146)
	at org.testng.internal.TestMethodWorker.run(TestMethodWorker.java:128)
	at java.base/java.util.concurrent.ThreadPoolExecutor.runWorker(ThreadPoolExecutor.java:1128)
	at java.base/java.util.concurrent.ThreadPoolExecutor$Worker.run(ThreadPoolExecutor.java:628)
	at java.base/java.lang.Thread.run(Thread.java:834)
]]></failure>
    <system-out><![CDATA[HTTP/1.1 403 Forbidden
X-Content-Type-Options: nosniff
Cache-Control: must-revalidate,no-cache,no-store
Content-Type: text/html;charset=iso-8859-1
Content-Length: 584
Server: Jetty(10.0.13)

<html>
  <head>
    <meta http-equiv="Content-Type" content="text/html;charset=ISO-8859-1"/>
    <title>Error 403 No valid crumb was included in the request</title>
  </head>
  <body>
    <h2>HTTP ERROR 403 No valid crumb was included in the request</h2>
    <table>
      <tr>
        <th colspan="1" rowspan="1">URI:</th>
        <td colspan="1" rowspan="1">/https%3A%2F%2Faccounts.spotify.com/api/token</td>
      </tr>
      <tr>
        <th colspan="1" rowspan="1">STATUS:</th>
        <td colspan="1" rowspan="1">403</td>
      </tr>
      <tr>
        <th colspan="1" rowspan="1">MESSAGE:</th>
        <td colspan="1" rowspan="1">No valid crumb was included in the request</td>
      </tr>
      <tr>
        <th colspan="1" rowspan="1">SERVLET:</th>
        <td colspan="1" rowspan="1">Stapler</td>
      </tr>
    </table>
    <hr/>
    <a shape="rect" href="https://eclipse.org/jetty">Powered by Jetty:// 10.0.13</a>
    <hr/>
  </body>
</html>
]]></system-out>
    <system-err><![CDATA[java.lang.RuntimeException: ABORT!!! Renew Token failed
	at com.spotify.oauth2.api.TokenManager.renewToken(TokenManager.java:44)
	at com.spotify.oauth2.api.TokenManager.getToken(TokenManager.java:19)
	at com.spotify.oauth2.api.applicationApi.PlaylistApi.update(PlaylistApi.java:29)
	at com.spotify.oauth2.test.PlayListTest.updatePlayList(PlayListTest.java:84)
	at java.base/jdk.internal.reflect.NativeMethodAccessorImpl.invoke0(Native Method)
	at java.base/jdk.internal.reflect.NativeMethodAccessorImpl.invoke(NativeMethodAccessorImpl.java:62)
	at java.base/jdk.internal.reflect.DelegatingMethodAccessorImpl.invoke(DelegatingMethodAccessorImpl.java:43)
	at java.base/java.lang.reflect.Method.invoke(Method.java:566)
	at org.testng.internal.MethodInvocationHelper.invokeMethod(MethodInvocationHelper.java:132)
	at org.testng.internal.TestInvoker.invokeMethod(TestInvoker.java:599)
	at org.testng.internal.TestInvoker.invokeTestMethod(TestInvoker.java:174)
	at org.testng.internal.MethodRunner.runInSequence(MethodRunner.java:46)
	at org.testng.internal.TestInvoker$MethodInvocationAgent.invoke(TestInvoker.java:822)
	at org.testng.internal.TestInvoker.invokeTestMethods(TestInvoker.java:147)
	at org.testng.internal.TestMethodWorker.invokeTestMethods(TestMethodWorker.java:146)
	at org.testng.internal.TestMethodWorker.run(TestMethodWorker.java:128)
	at java.base/java.util.concurrent.ThreadPoolExecutor.runWorker(ThreadPoolExecutor.java:1128)
	at java.base/java.util.concurrent.ThreadPoolExecutor$Worker.run(ThreadPoolExecutor.java:628)
	at java.base/java.lang.Thread.run(Thread.java:834)
]]></system-err>
  </testcase>
  <testcase name="shouldNotcreatePlaylist" classname="com.spotify.oauth2.test.PlayListTest" time="10.109">
    <failure message="ABORT!!! Failed to get token" type="java.lang.RuntimeException"><![CDATA[java.lang.RuntimeException: ABORT!!! Failed to get token
	at com.spotify.oauth2.api.TokenManager.getToken(TokenManager.java:29)
	at com.spotify.oauth2.api.applicationApi.PlaylistApi.post(PlaylistApi.java:16)
	at com.spotify.oauth2.test.PlayListTest.shouldNotcreatePlaylist(PlayListTest.java:100)
	at java.base/jdk.internal.reflect.NativeMethodAccessorImpl.invoke0(Native Method)
	at java.base/jdk.internal.reflect.NativeMethodAccessorImpl.invoke(NativeMethodAccessorImpl.java:62)
	at java.base/jdk.internal.reflect.DelegatingMethodAccessorImpl.invoke(DelegatingMethodAccessorImpl.java:43)
	at java.base/java.lang.reflect.Method.invoke(Method.java:566)
	at org.testng.internal.MethodInvocationHelper.invokeMethod(MethodInvocationHelper.java:132)
	at org.testng.internal.TestInvoker.invokeMethod(TestInvoker.java:599)
	at org.testng.internal.TestInvoker.invokeTestMethod(TestInvoker.java:174)
	at org.testng.internal.MethodRunner.runInSequence(MethodRunner.java:46)
	at org.testng.internal.TestInvoker$MethodInvocationAgent.invoke(TestInvoker.java:822)
	at org.testng.internal.TestInvoker.invokeTestMethods(TestInvoker.java:147)
	at org.testng.internal.TestMethodWorker.invokeTestMethods(TestMethodWorker.java:146)
	at org.testng.internal.TestMethodWorker.run(TestMethodWorker.java:128)
	at java.base/java.util.concurrent.ThreadPoolExecutor.runWorker(ThreadPoolExecutor.java:1128)
	at java.base/java.util.concurrent.ThreadPoolExecutor$Worker.run(ThreadPoolExecutor.java:628)
	at java.base/java.lang.Thread.run(Thread.java:834)
]]></failure>
    <system-out><![CDATA[Renewing token ...
Request method:	POST
Request URI:	http://localhost:8080/https%3A%2F%2Faccounts.spotify.com/api/token
Proxy:			<none>
Request params:	<none>
Query params:	<none>
Form params:	refresh_token=AQBKq2msrjg0DVwC3U1irmh0IHgQlJC5PwVSJ6_Otm2c5PUgunBK3DOgKMw0VniuGZ7GEajXOyZZRMLOB-Cp0fJsspcdeci9wPaZ-unG1j7yD5VkAgXEAXtAB-Bgk_2G554
				grant_type=refresh_token
				client_secret=ade4ba60915242f9b03200d87661afef
				client_id=49af83d8eaf04c2b99c12b3ff75a0c66
Path params:	<none>
Headers:		Accept=*/*
				Content-Type=application/x-www-form-urlencoded; charset=ISO-8859-1
Cookies:		<none>
Multiparts:		<none>
Body:			<none>
HTTP/1.1 403 Forbidden
X-Content-Type-Options: nosniff
Cache-Control: must-revalidate,no-cache,no-store
Content-Type: text/html;charset=iso-8859-1
Content-Length: 584
Server: Jetty(10.0.13)

<html>
  <head>
    <meta http-equiv="Content-Type" content="text/html;charset=ISO-8859-1"/>
    <title>Error 403 No valid crumb was included in the request</title>
  </head>
  <body>
    <h2>HTTP ERROR 403 No valid crumb was included in the request</h2>
    <table>
      <tr>
        <th colspan="1" rowspan="1">URI:</th>
        <td colspan="1" rowspan="1">/https%3A%2F%2Faccounts.spotify.com/api/token</td>
      </tr>
      <tr>
        <th colspan="1" rowspan="1">STATUS:</th>
        <td colspan="1" rowspan="1">403</td>
      </tr>
      <tr>
        <th colspan="1" rowspan="1">MESSAGE:</th>
        <td colspan="1" rowspan="1">No valid crumb was included in the request</td>
      </tr>
      <tr>
        <th colspan="1" rowspan="1">SERVLET:</th>
        <td colspan="1" rowspan="1">Stapler</td>
      </tr>
    </table>
    <hr/>
    <a shape="rect" href="https://eclipse.org/jetty">Powered by Jetty:// 10.0.13</a>
    <hr/>
  </body>
</html>
]]></system-out>
    <system-err><![CDATA[java.lang.RuntimeException: ABORT!!! Renew Token failed
	at com.spotify.oauth2.api.TokenManager.renewToken(TokenManager.java:44)
	at com.spotify.oauth2.api.TokenManager.getToken(TokenManager.java:19)
	at com.spotify.oauth2.api.applicationApi.PlaylistApi.post(PlaylistApi.java:16)
	at com.spotify.oauth2.test.PlayListTest.shouldNotcreatePlaylist(PlayListTest.java:100)
	at java.base/jdk.internal.reflect.NativeMethodAccessorImpl.invoke0(Native Method)
	at java.base/jdk.internal.reflect.NativeMethodAccessorImpl.invoke(NativeMethodAccessorImpl.java:62)
	at java.base/jdk.internal.reflect.DelegatingMethodAccessorImpl.invoke(DelegatingMethodAccessorImpl.java:43)
	at java.base/java.lang.reflect.Method.invoke(Method.java:566)
	at org.testng.internal.MethodInvocationHelper.invokeMethod(MethodInvocationHelper.java:132)
	at org.testng.internal.TestInvoker.invokeMethod(TestInvoker.java:599)
	at org.testng.internal.TestInvoker.invokeTestMethod(TestInvoker.java:174)
	at org.testng.internal.MethodRunner.runInSequence(MethodRunner.java:46)
	at org.testng.internal.TestInvoker$MethodInvocationAgent.invoke(TestInvoker.java:822)
	at org.testng.internal.TestInvoker.invokeTestMethods(TestInvoker.java:147)
	at org.testng.internal.TestMethodWorker.invokeTestMethods(TestMethodWorker.java:146)
	at org.testng.internal.TestMethodWorker.run(TestMethodWorker.java:128)
	at java.base/java.util.concurrent.ThreadPoolExecutor.runWorker(ThreadPoolExecutor.java:1128)
	at java.base/java.util.concurrent.ThreadPoolExecutor$Worker.run(ThreadPoolExecutor.java:628)
	at java.base/java.lang.Thread.run(Thread.java:834)
]]></system-err>
  </testcase>
  <testcase name="createPlaylist" classname="com.spotify.oauth2.test.PlayListTest" time="10.382">
    <failure message="ABORT!!! Failed to get token" type="java.lang.RuntimeException"><![CDATA[java.lang.RuntimeException: ABORT!!! Failed to get token
	at com.spotify.oauth2.api.TokenManager.getToken(TokenManager.java:29)
	at com.spotify.oauth2.api.applicationApi.PlaylistApi.post(PlaylistApi.java:16)
	at com.spotify.oauth2.test.PlayListTest.createPlaylist(PlayListTest.java:52)
	at java.base/jdk.internal.reflect.NativeMethodAccessorImpl.invoke0(Native Method)
	at java.base/jdk.internal.reflect.NativeMethodAccessorImpl.invoke(NativeMethodAccessorImpl.java:62)
	at java.base/jdk.internal.reflect.DelegatingMethodAccessorImpl.invoke(DelegatingMethodAccessorImpl.java:43)
	at java.base/java.lang.reflect.Method.invoke(Method.java:566)
	at org.testng.internal.MethodInvocationHelper.invokeMethod(MethodInvocationHelper.java:132)
	at org.testng.internal.TestInvoker.invokeMethod(TestInvoker.java:599)
	at org.testng.internal.TestInvoker.invokeTestMethod(TestInvoker.java:174)
	at org.testng.internal.MethodRunner.runInSequence(MethodRunner.java:46)
	at org.testng.internal.TestInvoker$MethodInvocationAgent.invoke(TestInvoker.java:822)
	at org.testng.internal.TestInvoker.invokeTestMethods(TestInvoker.java:147)
	at org.testng.internal.TestMethodWorker.invokeTestMethods(TestMethodWorker.java:146)
	at org.testng.internal.TestMethodWorker.run(TestMethodWorker.java:128)
	at java.base/java.util.concurrent.ThreadPoolExecutor.runWorker(ThreadPoolExecutor.java:1128)
	at java.base/java.util.concurrent.ThreadPoolExecutor$Worker.run(ThreadPoolExecutor.java:628)
	at java.base/java.lang.Thread.run(Thread.java:834)
]]></failure>
    <system-out><![CDATA[Renewing token ...
Request method:	POST
Request URI:	http://localhost:8080/https%3A%2F%2Faccounts.spotify.com/api/token
Proxy:			<none>
Request params:	<none>
Query params:	<none>
Form params:	refresh_token=AQBKq2msrjg0DVwC3U1irmh0IHgQlJC5PwVSJ6_Otm2c5PUgunBK3DOgKMw0VniuGZ7GEajXOyZZRMLOB-Cp0fJsspcdeci9wPaZ-unG1j7yD5VkAgXEAXtAB-Bgk_2G554
				grant_type=refresh_token
				client_secret=ade4ba60915242f9b03200d87661afef
				client_id=49af83d8eaf04c2b99c12b3ff75a0c66
Path params:	<none>
Headers:		Accept=*/*
				Content-Type=application/x-www-form-urlencoded; charset=ISO-8859-1
Cookies:		<none>
Multiparts:		<none>
Body:			<none>
HTTP/1.1 403 Forbidden
X-Content-Type-Options: nosniff
Cache-Control: must-revalidate,no-cache,no-store
Content-Type: text/html;charset=iso-8859-1
Content-Length: 584
Server: Jetty(10.0.13)

<html>
  <head>
    <meta http-equiv="Content-Type" content="text/html;charset=ISO-8859-1"/>
    <title>Error 403 No valid crumb was included in the request</title>
  </head>
  <body>
    <h2>HTTP ERROR 403 No valid crumb was included in the request</h2>
    <table>
      <tr>
        <th colspan="1" rowspan="1">URI:</th>
        <td colspan="1" rowspan="1">/https%3A%2F%2Faccounts.spotify.com/api/token</td>
      </tr>
      <tr>
        <th colspan="1" rowspan="1">STATUS:</th>
        <td colspan="1" rowspan="1">403</td>
      </tr>
      <tr>
        <th colspan="1" rowspan="1">MESSAGE:</th>
        <td colspan="1" rowspan="1">No valid crumb was included in the request</td>
      </tr>
      <tr>
        <th colspan="1" rowspan="1">SERVLET:</th>
        <td colspan="1" rowspan="1">Stapler</td>
      </tr>
    </table>
    <hr/>
    <a shape="rect" href="https://eclipse.org/jetty">Powered by Jetty:// 10.0.13</a>
    <hr/>
  </body>
</html>
]]></system-out>
    <system-err><![CDATA[java.lang.RuntimeException: ABORT!!! Renew Token failed
	at com.spotify.oauth2.api.TokenManager.renewToken(TokenManager.java:44)
	at com.spotify.oauth2.api.TokenManager.getToken(TokenManager.java:19)
	at com.spotify.oauth2.api.applicationApi.PlaylistApi.post(PlaylistApi.java:16)
	at com.spotify.oauth2.test.PlayListTest.createPlaylist(PlayListTest.java:52)
	at java.base/jdk.internal.reflect.NativeMethodAccessorImpl.invoke0(Native Method)
	at java.base/jdk.internal.reflect.NativeMethodAccessorImpl.invoke(NativeMethodAccessorImpl.java:62)
	at java.base/jdk.internal.reflect.DelegatingMethodAccessorImpl.invoke(DelegatingMethodAccessorImpl.java:43)
	at java.base/java.lang.reflect.Method.invoke(Method.java:566)
	at org.testng.internal.MethodInvocationHelper.invokeMethod(MethodInvocationHelper.java:132)
	at org.testng.internal.TestInvoker.invokeMethod(TestInvoker.java:599)
	at org.testng.internal.TestInvoker.invokeTestMethod(TestInvoker.java:174)
	at org.testng.internal.MethodRunner.runInSequence(MethodRunner.java:46)
	at org.testng.internal.TestInvoker$MethodInvocationAgent.invoke(TestInvoker.java:822)
	at org.testng.internal.TestInvoker.invokeTestMethods(TestInvoker.java:147)
	at org.testng.internal.TestMethodWorker.invokeTestMethods(TestMethodWorker.java:146)
	at org.testng.internal.TestMethodWorker.run(TestMethodWorker.java:128)
	at java.base/java.util.concurrent.ThreadPoolExecutor.runWorker(ThreadPoolExecutor.java:1128)
	at java.base/java.util.concurrent.ThreadPoolExecutor$Worker.run(ThreadPoolExecutor.java:628)
	at java.base/java.lang.Thread.run(Thread.java:834)
]]></system-err>
  </testcase>
</testsuite>